2025-04-05 07:40:02.323  INFO 721780 --- [restartedMain] com.survey.geneza.Application            : Starting Application on ip-172-31-38-235 with PID 721780 (/home/ubuntu/survey/target/classes started by ubuntu in /home/ubuntu/survey)
2025-04-05 07:40:02.352  INFO 721780 --- [restartedMain] com.survey.geneza.Application            : No active profile set, falling back to default profiles: default
2025-04-05 07:40:08.362  INFO 721780 --- [restartedMain] o.apache.catalina.core.StandardService   : Starting service [Tomcat]
2025-04-05 07:40:08.365  INFO 721780 --- [restartedMain] org.apache.catalina.core.StandardEngine  : Starting Servlet Engine: Apache Tomcat/8.5.37
2025-04-05 07:40:08.390  INFO 721780 --- [localhost-startStop-1] o.a.catalina.core.AprLifecycleListener   : The APR based Apache Tomcat Native library which allows optimal performance in production environments was not found on the java.library.path: [/usr/java/packages/lib/amd64:/usr/lib/x86_64-linux-gnu/jni:/lib/x86_64-linux-gnu:/usr/lib/x86_64-linux-gnu:/usr/lib/jni:/lib:/usr/lib]
2025-04-05 07:40:08.585  INFO 721780 --- [localhost-startStop-1] o.a.c.c.C.[Tomcat].[localhost].[/]       : Initializing Spring embedded WebApplicationContext
2025-04-05 07:40:09.168  INFO 721780 --- [restartedMain] com.zaxxer.hikari.HikariDataSource       : HikariPool-1 - Starting...
2025-04-05 07:40:09.678  INFO 721780 --- [restartedMain] com.zaxxer.hikari.HikariDataSource       : HikariPool-1 - Start completed.
2025-04-05 07:40:11.763 DEBUG 721780 --- [restartedMain] org.hibernate.SQL                        : alter table survey.response add column link_id integer
2025-04-05 07:40:11.806 DEBUG 721780 --- [restartedMain] org.hibernate.SQL                        : alter table survey.response add column link_type varchar(255)
2025-04-05 07:40:11.835 DEBUG 721780 --- [restartedMain] org.hibernate.SQL                        : alter table survey.survey add column survey_type varchar(255)
2025-04-05 07:40:11.873 DEBUG 721780 --- [restartedMain] org.hibernate.SQL                        : alter table answer_option add constraint FKj93pt8s9th5ulqtpj4kts3v2k foreign key (question) references question (id)
2025-04-05 07:40:11.925 DEBUG 721780 --- [restartedMain] org.hibernate.SQL                        : alter table participant add constraint FKmfdhw5gyigag2stfx1go17tg6 foreign key (person) references person (id)
2025-04-05 07:40:11.965 DEBUG 721780 --- [restartedMain] org.hibernate.SQL                        : alter table question add constraint FKcijqh7ke4juiv0omti9x7f0d1 foreign key (parent_question) references question (id)
2025-04-05 07:40:12.010 DEBUG 721780 --- [restartedMain] org.hibernate.SQL                        : alter table question add constraint FK4htbn3i541dwjfdn95q7y279f foreign key (question_type) references question_type (id)
2025-04-05 07:40:12.050 DEBUG 721780 --- [restartedMain] org.hibernate.SQL                        : alter table question add constraint FK65ro96jafjvulbqu8ia0pb254 foreign key (survey_id) references survey (id)
2025-04-05 07:40:12.088 DEBUG 721780 --- [restartedMain] org.hibernate.SQL                        : alter table response add constraint FKluj0taopw6pr9h9he12q1vtyi foreign key (participant) references participant (id)
2025-04-05 07:40:12.124 DEBUG 721780 --- [restartedMain] org.hibernate.SQL                        : alter table response add constraint FKpws4fq6jxrl3jqoya7ht4o0ye foreign key (survey) references survey (id)
2025-04-05 07:40:12.162 DEBUG 721780 --- [restartedMain] org.hibernate.SQL                        : alter table response_answers add constraint FK7uvskd1xv9v4pdwooeiy6v2eb foreign key (answer_option) references answer_option (id)
2025-04-05 07:40:12.196 DEBUG 721780 --- [restartedMain] org.hibernate.SQL                        : alter table response_answers add constraint FKt504bfqg47bdw35qiq8ii6f7g foreign key (question) references question (id)
2025-04-05 07:40:12.243 DEBUG 721780 --- [restartedMain] org.hibernate.SQL                        : alter table response_answers add constraint FKp95gmv3w4c5yj1y4s6d31nw4c foreign key (response) references response (id)
2025-04-05 07:40:12.309 DEBUG 721780 --- [restartedMain] org.hibernate.SQL                        : alter table user add constraint FKir5g7yucydevmmc84i788jp79 foreign key (person_id) references person (id)
2025-04-05 07:40:12.342 DEBUG 721780 --- [restartedMain] org.hibernate.SQL                        : alter table user_role add constraint FKa68196081fvovjhkek5m97n3y foreign key (role_id) references role (id)
2025-04-05 07:40:12.370 DEBUG 721780 --- [restartedMain] org.hibernate.SQL                        : alter table user_role add constraint FK859n2jvi8ivhui0rl0esws6o foreign key (user_id) references user (id)
2025-04-05 07:40:14.944  INFO 721780 --- [restartedMain] com.zaxxer.hikari.HikariDataSource       : HikariPool-1 - Shutdown initiated...
2025-04-05 07:40:14.960  INFO 721780 --- [restartedMain] com.zaxxer.hikari.HikariDataSource       : HikariPool-1 - Shutdown completed.
2025-04-05 07:40:14.963  INFO 721780 --- [restartedMain] o.apache.catalina.core.StandardService   : Stopping service [Tomcat]
2025-04-05 07:40:15.164 ERROR 721780 --- [restartedMain] o.s.b.d.LoggingFailureAnalysisReporter   : 

***************************
APPLICATION FAILED TO START
***************************

Description:

Field sessionFactory in com.survey.geneza.web.rest.ImageRestController required a bean of type 'org.hibernate.SessionFactory' that could not be found.

The injection point has the following annotations:
	- @org.springframework.beans.factory.annotation.Autowired(required=true)


Action:

Consider defining a bean of type 'org.hibernate.SessionFactory' in your configuration.

2025-04-05 07:42:23.258  INFO 722617 --- [restartedMain] com.survey.geneza.Application            : Starting Application on ip-172-31-38-235 with PID 722617 (/home/ubuntu/survey/target/classes started by ubuntu in /home/ubuntu/survey)
2025-04-05 07:42:23.262  INFO 722617 --- [restartedMain] com.survey.geneza.Application            : No active profile set, falling back to default profiles: default
2025-04-05 07:42:28.363  INFO 722617 --- [restartedMain] o.apache.catalina.core.StandardService   : Starting service [Tomcat]
2025-04-05 07:42:28.365  INFO 722617 --- [restartedMain] org.apache.catalina.core.StandardEngine  : Starting Servlet Engine: Apache Tomcat/8.5.37
2025-04-05 07:42:28.379  INFO 722617 --- [localhost-startStop-1] o.a.catalina.core.AprLifecycleListener   : The APR based Apache Tomcat Native library which allows optimal performance in production environments was not found on the java.library.path: [/usr/java/packages/lib/amd64:/usr/lib/x86_64-linux-gnu/jni:/lib/x86_64-linux-gnu:/usr/lib/x86_64-linux-gnu:/usr/lib/jni:/lib:/usr/lib]
2025-04-05 07:42:28.549  INFO 722617 --- [localhost-startStop-1] o.a.c.c.C.[Tomcat].[localhost].[/]       : Initializing Spring embedded WebApplicationContext
2025-04-05 07:42:28.990  INFO 722617 --- [restartedMain] com.zaxxer.hikari.HikariDataSource       : HikariPool-1 - Starting...
2025-04-05 07:42:29.246  INFO 722617 --- [restartedMain] com.zaxxer.hikari.HikariDataSource       : HikariPool-1 - Start completed.
2025-04-05 07:42:31.366 DEBUG 722617 --- [restartedMain] org.hibernate.SQL                        : alter table answer_option add constraint FKj93pt8s9th5ulqtpj4kts3v2k foreign key (question) references question (id)
2025-04-05 07:42:31.410 DEBUG 722617 --- [restartedMain] org.hibernate.SQL                        : alter table participant add constraint FKmfdhw5gyigag2stfx1go17tg6 foreign key (person) references person (id)
2025-04-05 07:42:31.453 DEBUG 722617 --- [restartedMain] org.hibernate.SQL                        : alter table question add constraint FKcijqh7ke4juiv0omti9x7f0d1 foreign key (parent_question) references question (id)
2025-04-05 07:42:31.496 DEBUG 722617 --- [restartedMain] org.hibernate.SQL                        : alter table question add constraint FK4htbn3i541dwjfdn95q7y279f foreign key (question_type) references question_type (id)
2025-04-05 07:42:31.527 DEBUG 722617 --- [restartedMain] org.hibernate.SQL                        : alter table question add constraint FK65ro96jafjvulbqu8ia0pb254 foreign key (survey_id) references survey (id)
2025-04-05 07:42:31.564 DEBUG 722617 --- [restartedMain] org.hibernate.SQL                        : alter table response add constraint FKluj0taopw6pr9h9he12q1vtyi foreign key (participant) references participant (id)
2025-04-05 07:42:31.590 DEBUG 722617 --- [restartedMain] org.hibernate.SQL                        : alter table response add constraint FKpws4fq6jxrl3jqoya7ht4o0ye foreign key (survey) references survey (id)
2025-04-05 07:42:31.632 DEBUG 722617 --- [restartedMain] org.hibernate.SQL                        : alter table response_answers add constraint FK7uvskd1xv9v4pdwooeiy6v2eb foreign key (answer_option) references answer_option (id)
2025-04-05 07:42:31.661 DEBUG 722617 --- [restartedMain] org.hibernate.SQL                        : alter table response_answers add constraint FKt504bfqg47bdw35qiq8ii6f7g foreign key (question) references question (id)
2025-04-05 07:42:31.687 DEBUG 722617 --- [restartedMain] org.hibernate.SQL                        : alter table response_answers add constraint FKp95gmv3w4c5yj1y4s6d31nw4c foreign key (response) references response (id)
2025-04-05 07:42:31.724 DEBUG 722617 --- [restartedMain] org.hibernate.SQL                        : alter table user add constraint FKir5g7yucydevmmc84i788jp79 foreign key (person_id) references person (id)
2025-04-05 07:42:31.766 DEBUG 722617 --- [restartedMain] org.hibernate.SQL                        : alter table user_role add constraint FKa68196081fvovjhkek5m97n3y foreign key (role_id) references role (id)
2025-04-05 07:42:31.789 DEBUG 722617 --- [restartedMain] org.hibernate.SQL                        : alter table user_role add constraint FK859n2jvi8ivhui0rl0esws6o foreign key (user_id) references user (id)
2025-04-05 07:42:33.844  INFO 722617 --- [restartedMain] com.zaxxer.hikari.HikariDataSource       : HikariPool-1 - Shutdown initiated...
2025-04-05 07:42:33.860  INFO 722617 --- [restartedMain] com.zaxxer.hikari.HikariDataSource       : HikariPool-1 - Shutdown completed.
2025-04-05 07:42:33.863  INFO 722617 --- [restartedMain] o.apache.catalina.core.StandardService   : Stopping service [Tomcat]
2025-04-05 07:42:34.148 ERROR 722617 --- [restartedMain] o.s.b.d.LoggingFailureAnalysisReporter   : 

***************************
APPLICATION FAILED TO START
***************************

Description:

Field sessionFactory in com.survey.geneza.web.rest.ImageRestController required a bean of type 'org.hibernate.SessionFactory' that could not be found.

The injection point has the following annotations:
	- @org.springframework.beans.factory.annotation.Autowired(required=true)


Action:

Consider defining a bean of type 'org.hibernate.SessionFactory' in your configuration.

2025-04-05 07:45:52.151  INFO 723661 --- [restartedMain] com.survey.geneza.Application            : Starting Application on ip-172-31-38-235 with PID 723661 (/home/ubuntu/survey/target/classes started by ubuntu in /home/ubuntu/survey)
2025-04-05 07:45:52.154  INFO 723661 --- [restartedMain] com.survey.geneza.Application            : No active profile set, falling back to default profiles: default
2025-04-05 07:45:56.884  INFO 723661 --- [restartedMain] o.apache.catalina.core.StandardService   : Starting service [Tomcat]
2025-04-05 07:45:56.885  INFO 723661 --- [restartedMain] org.apache.catalina.core.StandardEngine  : Starting Servlet Engine: Apache Tomcat/8.5.37
2025-04-05 07:45:56.902  INFO 723661 --- [localhost-startStop-1] o.a.catalina.core.AprLifecycleListener   : The APR based Apache Tomcat Native library which allows optimal performance in production environments was not found on the java.library.path: [/usr/java/packages/lib/amd64:/usr/lib/x86_64-linux-gnu/jni:/lib/x86_64-linux-gnu:/usr/lib/x86_64-linux-gnu:/usr/lib/jni:/lib:/usr/lib]
2025-04-05 07:45:57.080  INFO 723661 --- [localhost-startStop-1] o.a.c.c.C.[Tomcat].[localhost].[/]       : Initializing Spring embedded WebApplicationContext
2025-04-05 07:45:57.554  INFO 723661 --- [restartedMain] com.zaxxer.hikari.HikariDataSource       : HikariPool-1 - Starting...
2025-04-05 07:45:57.856  INFO 723661 --- [restartedMain] com.zaxxer.hikari.HikariDataSource       : HikariPool-1 - Start completed.
2025-04-05 07:45:59.364 DEBUG 723661 --- [restartedMain] org.hibernate.SQL                        : alter table answer_option add constraint FKj93pt8s9th5ulqtpj4kts3v2k foreign key (question) references question (id)
2025-04-05 07:45:59.404 DEBUG 723661 --- [restartedMain] org.hibernate.SQL                        : alter table participant add constraint FKmfdhw5gyigag2stfx1go17tg6 foreign key (person) references person (id)
2025-04-05 07:45:59.454 DEBUG 723661 --- [restartedMain] org.hibernate.SQL                        : alter table question add constraint FKcijqh7ke4juiv0omti9x7f0d1 foreign key (parent_question) references question (id)
2025-04-05 07:45:59.501 DEBUG 723661 --- [restartedMain] org.hibernate.SQL                        : alter table question add constraint FK4htbn3i541dwjfdn95q7y279f foreign key (question_type) references question_type (id)
2025-04-05 07:45:59.565 DEBUG 723661 --- [restartedMain] org.hibernate.SQL                        : alter table question add constraint FK65ro96jafjvulbqu8ia0pb254 foreign key (survey_id) references survey (id)
2025-04-05 07:45:59.624 DEBUG 723661 --- [restartedMain] org.hibernate.SQL                        : alter table response add constraint FKluj0taopw6pr9h9he12q1vtyi foreign key (participant) references participant (id)
2025-04-05 07:45:59.673 DEBUG 723661 --- [restartedMain] org.hibernate.SQL                        : alter table response add constraint FKpws4fq6jxrl3jqoya7ht4o0ye foreign key (survey) references survey (id)
2025-04-05 07:45:59.719 DEBUG 723661 --- [restartedMain] org.hibernate.SQL                        : alter table response_answers add constraint FK7uvskd1xv9v4pdwooeiy6v2eb foreign key (answer_option) references answer_option (id)
2025-04-05 07:45:59.753 DEBUG 723661 --- [restartedMain] org.hibernate.SQL                        : alter table response_answers add constraint FKt504bfqg47bdw35qiq8ii6f7g foreign key (question) references question (id)
2025-04-05 07:45:59.793 DEBUG 723661 --- [restartedMain] org.hibernate.SQL                        : alter table response_answers add constraint FKp95gmv3w4c5yj1y4s6d31nw4c foreign key (response) references response (id)
2025-04-05 07:45:59.846 DEBUG 723661 --- [restartedMain] org.hibernate.SQL                        : alter table user add constraint FKir5g7yucydevmmc84i788jp79 foreign key (person_id) references person (id)
2025-04-05 07:45:59.890 DEBUG 723661 --- [restartedMain] org.hibernate.SQL                        : alter table user_role add constraint FKa68196081fvovjhkek5m97n3y foreign key (role_id) references role (id)
2025-04-05 07:45:59.919 DEBUG 723661 --- [restartedMain] org.hibernate.SQL                        : alter table user_role add constraint FK859n2jvi8ivhui0rl0esws6o foreign key (user_id) references user (id)
2025-04-05 07:46:02.420  INFO 723661 --- [restartedMain] com.zaxxer.hikari.HikariDataSource       : HikariPool-1 - Shutdown initiated...
2025-04-05 07:46:02.443  INFO 723661 --- [restartedMain] com.zaxxer.hikari.HikariDataSource       : HikariPool-1 - Shutdown completed.
2025-04-05 07:46:02.449  INFO 723661 --- [restartedMain] o.apache.catalina.core.StandardService   : Stopping service [Tomcat]
2025-04-05 07:46:02.689 ERROR 723661 --- [restartedMain] o.s.b.d.LoggingFailureAnalysisReporter   : 

***************************
APPLICATION FAILED TO START
***************************

Description:

Field sessionFactory in com.survey.geneza.web.rest.ImageRestController required a bean of type 'org.hibernate.SessionFactory' that could not be found.

The injection point has the following annotations:
	- @org.springframework.beans.factory.annotation.Autowired(required=true)


Action:

Consider defining a bean of type 'org.hibernate.SessionFactory' in your configuration.

2025-04-05 07:48:11.354  INFO 724556 --- [restartedMain] com.survey.geneza.Application            : Starting Application on ip-172-31-38-235 with PID 724556 (/home/ubuntu/survey/target/classes started by ubuntu in /home/ubuntu/survey)
2025-04-05 07:48:11.360  INFO 724556 --- [restartedMain] com.survey.geneza.Application            : No active profile set, falling back to default profiles: default
2025-04-05 07:48:16.701  INFO 724556 --- [restartedMain] o.apache.catalina.core.StandardService   : Starting service [Tomcat]
2025-04-05 07:48:16.704  INFO 724556 --- [restartedMain] org.apache.catalina.core.StandardEngine  : Starting Servlet Engine: Apache Tomcat/8.5.37
2025-04-05 07:48:16.726  INFO 724556 --- [localhost-startStop-1] o.a.catalina.core.AprLifecycleListener   : The APR based Apache Tomcat Native library which allows optimal performance in production environments was not found on the java.library.path: [/usr/java/packages/lib/amd64:/usr/lib/x86_64-linux-gnu/jni:/lib/x86_64-linux-gnu:/usr/lib/x86_64-linux-gnu:/usr/lib/jni:/lib:/usr/lib]
2025-04-05 07:48:16.925  INFO 724556 --- [localhost-startStop-1] o.a.c.c.C.[Tomcat].[localhost].[/]       : Initializing Spring embedded WebApplicationContext
2025-04-05 07:48:17.515  INFO 724556 --- [restartedMain] com.zaxxer.hikari.HikariDataSource       : HikariPool-1 - Starting...
2025-04-05 07:48:17.782  INFO 724556 --- [restartedMain] com.zaxxer.hikari.HikariDataSource       : HikariPool-1 - Start completed.
2025-04-05 07:48:19.277 DEBUG 724556 --- [restartedMain] org.hibernate.SQL                        : alter table answer_option add constraint FKj93pt8s9th5ulqtpj4kts3v2k foreign key (question) references question (id)
2025-04-05 07:48:19.329 DEBUG 724556 --- [restartedMain] org.hibernate.SQL                        : alter table participant add constraint FKmfdhw5gyigag2stfx1go17tg6 foreign key (person) references person (id)
2025-04-05 07:48:19.365 DEBUG 724556 --- [restartedMain] org.hibernate.SQL                        : alter table question add constraint FKcijqh7ke4juiv0omti9x7f0d1 foreign key (parent_question) references question (id)
2025-04-05 07:48:19.397 DEBUG 724556 --- [restartedMain] org.hibernate.SQL                        : alter table question add constraint FK4htbn3i541dwjfdn95q7y279f foreign key (question_type) references question_type (id)
2025-04-05 07:48:19.424 DEBUG 724556 --- [restartedMain] org.hibernate.SQL                        : alter table question add constraint FK65ro96jafjvulbqu8ia0pb254 foreign key (survey_id) references survey (id)
2025-04-05 07:48:19.460 DEBUG 724556 --- [restartedMain] org.hibernate.SQL                        : alter table response add constraint FKluj0taopw6pr9h9he12q1vtyi foreign key (participant) references participant (id)
2025-04-05 07:48:19.482 DEBUG 724556 --- [restartedMain] org.hibernate.SQL                        : alter table response add constraint FKpws4fq6jxrl3jqoya7ht4o0ye foreign key (survey) references survey (id)
2025-04-05 07:48:19.529 DEBUG 724556 --- [restartedMain] org.hibernate.SQL                        : alter table response_answers add constraint FK7uvskd1xv9v4pdwooeiy6v2eb foreign key (answer_option) references answer_option (id)
2025-04-05 07:48:19.576 DEBUG 724556 --- [restartedMain] org.hibernate.SQL                        : alter table response_answers add constraint FKt504bfqg47bdw35qiq8ii6f7g foreign key (question) references question (id)
2025-04-05 07:48:19.618 DEBUG 724556 --- [restartedMain] org.hibernate.SQL                        : alter table response_answers add constraint FKp95gmv3w4c5yj1y4s6d31nw4c foreign key (response) references response (id)
2025-04-05 07:48:19.659 DEBUG 724556 --- [restartedMain] org.hibernate.SQL                        : alter table user add constraint FKir5g7yucydevmmc84i788jp79 foreign key (person_id) references person (id)
2025-04-05 07:48:19.709 DEBUG 724556 --- [restartedMain] org.hibernate.SQL                        : alter table user_role add constraint FKa68196081fvovjhkek5m97n3y foreign key (role_id) references role (id)
2025-04-05 07:48:19.739 DEBUG 724556 --- [restartedMain] org.hibernate.SQL                        : alter table user_role add constraint FK859n2jvi8ivhui0rl0esws6o foreign key (user_id) references user (id)
2025-04-05 07:48:21.658  INFO 724556 --- [restartedMain] com.zaxxer.hikari.HikariDataSource       : HikariPool-1 - Shutdown initiated...
2025-04-05 07:48:21.681  INFO 724556 --- [restartedMain] com.zaxxer.hikari.HikariDataSource       : HikariPool-1 - Shutdown completed.
2025-04-05 07:48:21.685  INFO 724556 --- [restartedMain] o.apache.catalina.core.StandardService   : Stopping service [Tomcat]
2025-04-05 07:48:21.912 ERROR 724556 --- [restartedMain] o.s.b.d.LoggingFailureAnalysisReporter   : 

***************************
APPLICATION FAILED TO START
***************************

Description:

Field sessionFactory in com.survey.geneza.web.rest.ImageRestController required a bean of type 'org.hibernate.SessionFactory' that could not be found.

The injection point has the following annotations:
	- @org.springframework.beans.factory.annotation.Autowired(required=true)


Action:

Consider defining a bean of type 'org.hibernate.SessionFactory' in your configuration.

2025-04-05 07:58:44.264  INFO 727608 --- [restartedMain] com.survey.geneza.Application            : Starting Application on ip-172-31-38-235 with PID 727608 (/home/ubuntu/survey/target/classes started by ubuntu in /home/ubuntu/survey)
2025-04-05 07:58:44.270  INFO 727608 --- [restartedMain] com.survey.geneza.Application            : No active profile set, falling back to default profiles: default
2025-04-05 07:58:48.854  INFO 727608 --- [restartedMain] o.apache.catalina.core.StandardService   : Starting service [Tomcat]
2025-04-05 07:58:48.856  INFO 727608 --- [restartedMain] org.apache.catalina.core.StandardEngine  : Starting Servlet Engine: Apache Tomcat/8.5.37
2025-04-05 07:58:48.881  INFO 727608 --- [localhost-startStop-1] o.a.catalina.core.AprLifecycleListener   : The APR based Apache Tomcat Native library which allows optimal performance in production environments was not found on the java.library.path: [/usr/java/packages/lib/amd64:/usr/lib/x86_64-linux-gnu/jni:/lib/x86_64-linux-gnu:/usr/lib/x86_64-linux-gnu:/usr/lib/jni:/lib:/usr/lib]
2025-04-05 07:58:49.028  INFO 727608 --- [localhost-startStop-1] o.a.c.c.C.[Tomcat].[localhost].[/]       : Initializing Spring embedded WebApplicationContext
2025-04-05 07:58:49.480  INFO 727608 --- [restartedMain] com.zaxxer.hikari.HikariDataSource       : HikariPool-1 - Starting...
2025-04-05 07:58:49.983  INFO 727608 --- [restartedMain] com.zaxxer.hikari.HikariDataSource       : HikariPool-1 - Start completed.
2025-04-05 07:58:51.428 DEBUG 727608 --- [restartedMain] org.hibernate.SQL                        : alter table answer_option add constraint FKj93pt8s9th5ulqtpj4kts3v2k foreign key (question) references question (id)
2025-04-05 07:58:51.469 DEBUG 727608 --- [restartedMain] org.hibernate.SQL                        : alter table participant add constraint FKmfdhw5gyigag2stfx1go17tg6 foreign key (person) references person (id)
2025-04-05 07:58:51.509 DEBUG 727608 --- [restartedMain] org.hibernate.SQL                        : alter table question add constraint FKcijqh7ke4juiv0omti9x7f0d1 foreign key (parent_question) references question (id)
2025-04-05 07:58:51.536 DEBUG 727608 --- [restartedMain] org.hibernate.SQL                        : alter table question add constraint FK4htbn3i541dwjfdn95q7y279f foreign key (question_type) references question_type (id)
2025-04-05 07:58:51.567 DEBUG 727608 --- [restartedMain] org.hibernate.SQL                        : alter table question add constraint FK65ro96jafjvulbqu8ia0pb254 foreign key (survey_id) references survey (id)
2025-04-05 07:58:51.613 DEBUG 727608 --- [restartedMain] org.hibernate.SQL                        : alter table response add constraint FKluj0taopw6pr9h9he12q1vtyi foreign key (participant) references participant (id)
2025-04-05 07:58:51.675 DEBUG 727608 --- [restartedMain] org.hibernate.SQL                        : alter table response add constraint FKpws4fq6jxrl3jqoya7ht4o0ye foreign key (survey) references survey (id)
2025-04-05 07:58:51.722 DEBUG 727608 --- [restartedMain] org.hibernate.SQL                        : alter table response_answers add constraint FK7uvskd1xv9v4pdwooeiy6v2eb foreign key (answer_option) references answer_option (id)
2025-04-05 07:58:51.756 DEBUG 727608 --- [restartedMain] org.hibernate.SQL                        : alter table response_answers add constraint FKt504bfqg47bdw35qiq8ii6f7g foreign key (question) references question (id)
2025-04-05 07:58:51.785 DEBUG 727608 --- [restartedMain] org.hibernate.SQL                        : alter table response_answers add constraint FKp95gmv3w4c5yj1y4s6d31nw4c foreign key (response) references response (id)
2025-04-05 07:58:51.827 DEBUG 727608 --- [restartedMain] org.hibernate.SQL                        : alter table user add constraint FKir5g7yucydevmmc84i788jp79 foreign key (person_id) references person (id)
2025-04-05 07:58:51.865 DEBUG 727608 --- [restartedMain] org.hibernate.SQL                        : alter table user_role add constraint FKa68196081fvovjhkek5m97n3y foreign key (role_id) references role (id)
2025-04-05 07:58:51.896 DEBUG 727608 --- [restartedMain] org.hibernate.SQL                        : alter table user_role add constraint FK859n2jvi8ivhui0rl0esws6o foreign key (user_id) references user (id)
2025-04-05 07:58:56.850  INFO 727608 --- [restartedMain] com.survey.geneza.Application            : Started Application in 13.526 seconds (JVM running for 14.319)
2025-04-05 07:59:02.335  INFO 727608 --- [http-nio-8080-exec-1] o.a.c.c.C.[Tomcat].[localhost].[/]       : Initializing Spring FrameworkServlet 'dispatcherServlet'
2025-04-05 07:59:05.089  INFO 727608 --- [http-nio-8080-exec-8] o.springdoc.api.AbstractOpenApiResource  : Init duration for springdoc-openapi is: 1601 ms
2025-04-05 08:00:07.057  INFO 727608 --- [Thread-10] com.zaxxer.hikari.HikariDataSource       : HikariPool-1 - Shutdown initiated...
2025-04-05 08:00:07.087  INFO 727608 --- [Thread-10] com.zaxxer.hikari.HikariDataSource       : HikariPool-1 - Shutdown completed.
