2025-03-05 06:00:16.997  INFO 62606 --- [main] com.survey.geneza.Application            : Starting Application v3.0.0 on ip-172-31-38-235 with PID 62606 (/home/ubuntu/survey/app/com_survey_geneza-3.0.0.jar started by ubuntu in /home/ubuntu/survey/app)
2025-03-05 06:00:17.015  INFO 62606 --- [main] com.survey.geneza.Application            : No active profile set, falling back to default profiles: default
2025-03-05 06:00:23.129  INFO 62606 --- [main] o.apache.catalina.core.StandardService   : Starting service [Tomcat]
2025-03-05 06:00:23.131  INFO 62606 --- [main] org.apache.catalina.core.StandardEngine  : Starting Servlet Engine: Apache Tomcat/8.5.37
2025-03-05 06:00:23.158  INFO 62606 --- [localhost-startStop-1] o.a.catalina.core.AprLifecycleListener   : The APR based Apache Tomcat Native library which allows optimal performance in production environments was not found on the java.library.path: [/usr/java/packages/lib/amd64:/usr/lib/x86_64-linux-gnu/jni:/lib/x86_64-linux-gnu:/usr/lib/x86_64-linux-gnu:/usr/lib/jni:/lib:/usr/lib]
2025-03-05 06:00:23.352  INFO 62606 --- [localhost-startStop-1] o.a.c.c.C.[Tomcat].[localhost].[/]       : Initializing Spring embedded WebApplicationContext
2025-03-05 06:00:24.114  INFO 62606 --- [main] com.zaxxer.hikari.HikariDataSource       : HikariPool-1 - Starting...
2025-03-05 06:00:24.559  INFO 62606 --- [main] com.zaxxer.hikari.HikariDataSource       : HikariPool-1 - Start completed.
2025-03-05 06:00:26.922 DEBUG 62606 --- [main] org.hibernate.SQL                        : alter table answer_option add constraint FKj93pt8s9th5ulqtpj4kts3v2k foreign key (question) references question (id)
2025-03-05 06:00:26.968 DEBUG 62606 --- [main] org.hibernate.SQL                        : alter table participant add constraint FKmfdhw5gyigag2stfx1go17tg6 foreign key (person) references person (id)
2025-03-05 06:00:27.006 DEBUG 62606 --- [main] org.hibernate.SQL                        : alter table question add constraint FKcijqh7ke4juiv0omti9x7f0d1 foreign key (parent_question) references question (id)
2025-03-05 06:00:27.029 DEBUG 62606 --- [main] org.hibernate.SQL                        : alter table question add constraint FK4htbn3i541dwjfdn95q7y279f foreign key (question_type) references question_type (id)
2025-03-05 06:00:27.057 DEBUG 62606 --- [main] org.hibernate.SQL                        : alter table question add constraint FK65ro96jafjvulbqu8ia0pb254 foreign key (survey_id) references survey (id)
2025-03-05 06:00:27.090 DEBUG 62606 --- [main] org.hibernate.SQL                        : alter table response add constraint FKluj0taopw6pr9h9he12q1vtyi foreign key (participant) references participant (id)
2025-03-05 06:00:27.118 DEBUG 62606 --- [main] org.hibernate.SQL                        : alter table response add constraint FKpws4fq6jxrl3jqoya7ht4o0ye foreign key (survey) references survey (id)
2025-03-05 06:00:27.148 DEBUG 62606 --- [main] org.hibernate.SQL                        : alter table response_answers add constraint FK7uvskd1xv9v4pdwooeiy6v2eb foreign key (answer_option) references answer_option (id)
2025-03-05 06:00:27.185 DEBUG 62606 --- [main] org.hibernate.SQL                        : alter table response_answers add constraint FKt504bfqg47bdw35qiq8ii6f7g foreign key (question) references question (id)
2025-03-05 06:00:27.237 DEBUG 62606 --- [main] org.hibernate.SQL                        : alter table response_answers add constraint FKp95gmv3w4c5yj1y4s6d31nw4c foreign key (response) references response (id)
2025-03-05 06:00:27.270 DEBUG 62606 --- [main] org.hibernate.SQL                        : alter table user add constraint FKir5g7yucydevmmc84i788jp79 foreign key (person_id) references person (id)
2025-03-05 06:00:27.308 DEBUG 62606 --- [main] org.hibernate.SQL                        : alter table user_role add constraint FKa68196081fvovjhkek5m97n3y foreign key (role_id) references role (id)
2025-03-05 06:00:27.332 DEBUG 62606 --- [main] org.hibernate.SQL                        : alter table user_role add constraint FK859n2jvi8ivhui0rl0esws6o foreign key (user_id) references user (id)
2025-03-05 06:00:35.463  INFO 62606 --- [main] com.survey.geneza.Application            : Started Application in 19.939 seconds (JVM running for 20.986)
2025-03-05 06:00:38.911  INFO 62606 --- [http-nio-8080-exec-1] o.a.c.c.C.[Tomcat].[localhost].[/]       : Initializing Spring FrameworkServlet 'dispatcherServlet'
2025-03-05 06:00:42.054  INFO 62606 --- [http-nio-8080-exec-8] o.springdoc.api.AbstractOpenApiResource  : Init duration for springdoc-openapi is: 1495 ms
